# JRE version: OpenJDK Runtime Environment (11.0.4+10) (build 11.0.4+10-b520.11)
# Java VM: OpenJDK 64-Bit Server VM (11.0.4+10-b520.11, mixed mode, sharing, tiered, compressed oops, g1 gc, windows-amd64)
Heap:
 garbage-first heap   total 131072K, used 53300K [0x0000000080c00000, 0x0000000100000000)
  region size 1024K, 43 young (44032K), 6 survivors (6144K)
 Metaspace       used 45280K, capacity 46185K, committed 46512K, reserved 1089536K
  class space    used 6142K, capacity 6544K, committed 6656K, reserved 1048576K
GC Heap History (8 events):
Event: 0.391 GC heap before
{Heap before GC invocations=0 (full 0):
 garbage-first heap   total 131072K, used 14336K [0x0000000080c00000, 0x0000000100000000)
  region size 1024K, 14 young (14336K), 0 survivors (0K)
 Metaspace       used 4005K, capacity 7011K, committed 7296K, reserved 1056768K
  class space    used 430K, capacity 773K, committed 896K, reserved 1048576K
}
Event: 0.395 GC heap after
{Heap after GC invocations=1 (full 0):
 garbage-first heap   total 131072K, used 4347K [0x0000000080c00000, 0x0000000100000000)
  region size 1024K, 2 young (2048K), 2 survivors (2048K)
 Metaspace       used 4005K, capacity 7011K, committed 7296K, reserved 1056768K
  class space    used 430K, capacity 773K, committed 896K, reserved 1048576K
}
Event: 9.034 GC heap before
{Heap before GC invocations=1 (full 0):
 garbage-first heap   total 131072K, used 59643K [0x0000000080c00000, 0x0000000100000000)
  region size 1024K, 55 young (56320K), 2 survivors (2048K)
 Metaspace       used 16433K, capacity 17239K, committed 17536K, reserved 1064960K
  class space    used 2242K, capacity 2581K, committed 2688K, reserved 1048576K
}
Event: 9.040 GC heap after
{Heap after GC invocations=2 (full 0):
 garbage-first heap   total 131072K, used 11075K [0x0000000080c00000, 0x0000000100000000)
  region size 1024K, 7 young (7168K), 7 survivors (7168K)
 Metaspace       used 16433K, capacity 17239K, committed 17536K, reserved 1064960K
  class space    used 2242K, capacity 2581K, committed 2688K, reserved 1048576K
}
Event: 9.265 GC heap before
{Heap before GC invocations=2 (full 0):
 garbage-first heap   total 131072K, used 46915K [0x0000000080c00000, 0x0000000100000000)
  region size 1024K, 44 young (45056K), 7 survivors (7168K)
 Metaspace       used 20400K, capacity 21180K, committed 21296K, reserved 1067008K
  class space    used 2849K, capacity 3167K, committed 3200K, reserved 1048576K
}
Event: 9.271 GC heap after
{Heap after GC invocations=3 (full 0):
 garbage-first heap   total 131072K, used 12140K [0x0000000080c00000, 0x0000000100000000)
  region size 1024K, 2 young (2048K), 2 survivors (2048K)
 Metaspace       used 20400K, capacity 21180K, committed 21296K, reserved 1067008K
  class space    used 2849K, capacity 3167K, committed 3200K, reserved 1048576K
}
Event: 10.026 GC heap before
{Heap before GC invocations=4 (full 0):
 garbage-first heap   total 131072K, used 53100K [0x0000000080c00000, 0x0000000100000000)
  region size 1024K, 43 young (44032K), 2 survivors (2048K)
 Metaspace       used 34826K, capacity 35772K, committed 35920K, reserved 1081344K
  class space    used 4734K, capacity 5103K, committed 5120K, reserved 1048576K
}
Event: 10.033 GC heap after
{Heap after GC invocations=5 (full 0):
 garbage-first heap   total 131072K, used 16436K [0x0000000080c00000, 0x0000000100000000)
  region size 1024K, 6 young (6144K), 6 survivors (6144K)
 Metaspace       used 34826K, capacity 35772K, committed 35920K, reserved 1081344K
  class space    used 4734K, capacity 5103K, committed 5120K, reserved 1048576K
}

